<?xml version="1.0" encoding="UTF-8"?>
<testsuite xmlns:xsi="http://www.w3.org/2001/XMLSchema-instance" xsi:noNamespaceSchemaLocation="https://maven.apache.org/surefire/maven-surefire-plugin/xsd/surefire-test-report.xsd" name="co.com.sofka.app.calculator.BasicCalculatorTest" time="0.28" tests="17" errors="0" skipped="0" failures="0">
  <properties>
[...]
</properties>
  <testcase name="severalSum{Long, Long, Long}[1]" classname="co.com.sofka.app.calculator.BasicCalculatorTest" time="0.107"/>
  <testcase name="severalSum{Long, Long, Long}[2]" classname="co.com.sofka.app.calculator.BasicCalculatorTest" time="0.004"/>
  <testcase name="severalSum{Long, Long, Long}[3]" classname="co.com.sofka.app.calculator.BasicCalculatorTest" time="0.015"/>
  <testcase name="severalSum{Long, Long, Long}[4]" classname="co.com.sofka.app.calculator.BasicCalculatorTest" time="0.001"/>
  <testcase name="severalDivisions{Long, Long, Float}[1]" classname="co.com.sofka.app.calculator.BasicCalculatorTest" time="0.005"/>
  <testcase name="severalDivisions{Long, Long, Float}[2]" classname="co.com.sofka.app.calculator.BasicCalculatorTest" time="0.003"/>
  <testcase name="severalDivisions{Long, Long, Float}[3]" classname="co.com.sofka.app.calculator.BasicCalculatorTest" time="0.003"/>
  <testcase name="severalDivisions{Long, Long, Float}[4]" classname="co.com.sofka.app.calculator.BasicCalculatorTest" time="0.002"/>
  <testcase name="sum" classname="co.com.sofka.app.calculator.BasicCalculatorTest" time="0.004"/>
  <testcase name="severalMultiplications{Long, Long, Long}[1]" classname="co.com.sofka.app.calculator.BasicCalculatorTest" time="0.003"/>
  <testcase name="severalMultiplications{Long, Long, Long}[2]" classname="co.com.sofka.app.calculator.BasicCalculatorTest" time="0.006"/>
  <testcase name="severalMultiplications{Long, Long, Long}[3]" classname="co.com.sofka.app.calculator.BasicCalculatorTest" time="0.002"/>
  <testcase name="severalMultiplications{Long, Long, Long}[4]" classname="co.com.sofka.app.calculator.BasicCalculatorTest" time="0.003"/>
  <testcase name="severalSubtracts{Long, Long, Long}[1]" classname="co.com.sofka.app.calculator.BasicCalculatorTest" time="0.002"/>
  <testcase name="severalSubtracts{Long, Long, Long}[2]" classname="co.com.sofka.app.calculator.BasicCalculatorTest" time="0.005"/>
  <testcase name="severalSubtracts{Long, Long, Long}[3]" classname="co.com.sofka.app.calculator.BasicCalculatorTest" time="0.005"/>
  <testcase name="severalSubtracts{Long, Long, Long}[4]" classname="co.com.sofka.app.calculator.BasicCalculatorTest" time="0.004"/>
</testsuite>